\BOOKMARK [0][-]{section*.1}{\376\377\000R\000e\000s\000u\000m\000e\000n}{}% 1
\BOOKMARK [0][-]{chapter.1}{\376\377\000P\000r\000e\000s\000e\000n\000t\000a\000c\000i\000\363\000n}{}% 2
\BOOKMARK [1][-]{section.1.1}{\376\377\000I\000n\000t\000r\000o\000d\000u\000c\000c\000i\000\363\000n}{chapter.1}% 3
\BOOKMARK [1][-]{section.1.2}{\376\377\000A\000n\000t\000e\000c\000e\000d\000e\000n\000t\000e\000s}{chapter.1}% 4
\BOOKMARK [1][-]{section.1.3}{\376\377\000E\000s\000t\000a\000d\000o\000\040\000d\000e\000l\000\040\000A\000r\000t\000e}{chapter.1}% 5
\BOOKMARK [1][-]{section.1.4}{\376\377\000\301\000r\000e\000a\000s\000\040\000P\000r\000o\000f\000e\000s\000i\000o\000n\000a\000l\000e\000s\000\040\000d\000e\000\040\000R\000e\000l\000e\000v\000a\000n\000c\000i\000a}{chapter.1}% 6
\BOOKMARK [0][-]{chapter.2}{\376\377\000A\000l\000c\000a\000n\000c\000e\000\040\000y\000\040\000O\000b\000j\000e\000t\000i\000v\000o\000s}{}% 7
\BOOKMARK [1][-]{section.2.1}{\376\377\000O\000b\000j\000e\000t\000i\000v\000o\000s\000\040\000g\000e\000n\000e\000r\000a\000l\000e\000s}{chapter.2}% 8
\BOOKMARK [1][-]{section.2.2}{\376\377\000O\000b\000j\000e\000t\000i\000v\000o\000s\000\040\000p\000a\000r\000t\000i\000c\000u\000l\000a\000r\000e\000s}{chapter.2}% 9
\BOOKMARK [0][-]{chapter.3}{\376\377\000I\000n\000t\000r\000o\000d\000u\000c\000c\000i\000\363\000n\000\040\000T\000e\000\363\000r\000i\000c\000a}{}% 10
\BOOKMARK [1][-]{section.3.1}{\376\377\000D\000e\000t\000e\000c\000c\000i\000\363\000n\000\040\000d\000e\000\040\000i\000m\000\341\000g\000e\000n\000e\000s}{chapter.3}% 11
\BOOKMARK [1][-]{section.3.2}{\376\377\000M\000a\000p\000e\000o}{chapter.3}% 12
\BOOKMARK [1][-]{section.3.3}{\376\377\000P\000a\000t\000h\000\040\000p\000l\000a\000n\000n\000i\000n\000g}{chapter.3}% 13
\BOOKMARK [1][-]{section.3.4}{\376\377\000S\000e\000g\000u\000i\000m\000i\000e\000n\000t\000o\000\040\000d\000e\000\040\000r\000u\000t\000a}{chapter.3}% 14
\BOOKMARK [1][-]{section.3.5}{\376\377\000S\000i\000m\000u\000l\000a\000c\000i\000\363\000n}{chapter.3}% 15
\BOOKMARK [0][-]{chapter.4}{\376\377\000A\000n\000a\000l\000i\000s\000i\000s\000\040\000t\000\351\000c\000n\000i\000c\000o}{}% 16
\BOOKMARK [1][-]{section.4.1}{\376\377\000s\000e\000c\000c\000i\000\363\000n\000\040\0001}{chapter.4}% 17
\BOOKMARK [1][-]{section.4.2}{\376\377\000s\000e\000c\000c\000i\000\363\000n\000\040\0002}{chapter.4}% 18
\BOOKMARK [0][-]{chapter.5}{\376\377\000A\000n\000a\000l\000i\000s\000i\000s\000\040\000d\000e\000\040\000m\000e\000r\000c\000a\000d\000o}{}% 19
\BOOKMARK [1][-]{section.5.1}{\376\377\000C\000l\000i\000e\000n\000t\000e\000\040\000o\000b\000j\000e\000t\000i\000v\000o\000\040\000p\000r\000i\000m\000a\000r\000i\000o\000\040\000e\000n\000\040\000A\000r\000g\000e\000n\000t\000i\000n\000a}{chapter.5}% 20
\BOOKMARK [1][-]{section.5.2}{\376\377\000M\000e\000r\000c\000a\000d\000o\000s\000\040\000p\000o\000t\000e\000n\000c\000i\000a\000l\000e\000s\000\040\000p\000a\000r\000a\000\040\000e\000l\000\040\000p\000r\000o\000d\000u\000c\000t\000o}{chapter.5}% 21
\BOOKMARK [2][-]{subsection.5.2.1}{\376\377\000S\000e\000c\000t\000o\000r\000\040\000p\000\372\000b\000l\000i\000c\000o\000\040\000a\000r\000g\000e\000n\000t\000i\000n\000o}{section.5.2}% 22
\BOOKMARK [1][-]{section.5.3}{\376\377\000A\000n\000\341\000l\000i\000s\000i\000s\000\040\000d\000e\000\040\000c\000o\000s\000t\000o\000s\000\040\000d\000e\000l\000\040\000p\000r\000o\000t\000o\000t\000i\000p\000o}{chapter.5}% 23
\BOOKMARK [0][-]{chapter.6}{\376\377\000P\000r\000o\000t\000o\000t\000i\000p\000o}{}% 24
\BOOKMARK [1][-]{section.6.1}{\376\377\000S\000e\000l\000e\000c\000c\000i\000\363\000n\000\040\000d\000e\000\040\000c\000o\000m\000p\000o\000n\000e\000n\000t\000e\000s}{chapter.6}% 25
\BOOKMARK [2][-]{subsection.6.1.1}{\376\377\000R\000u\000e\000d\000a\000s}{section.6.1}% 26
\BOOKMARK [2][-]{subsection.6.1.2}{\376\377\000m\000o\000t\000o\000r\000e\000s\000\040\000d\000e\000\040\000t\000r\000a\000c\000c\000i\000\363\000n}{section.6.1}% 27
\BOOKMARK [2][-]{subsection.6.1.3}{\376\377\000M\000o\000t\000o\000r\000e\000s\000\040\000d\000e\000\040\000l\000a\000\040\000t\000o\000r\000r\000e\000t\000a}{section.6.1}% 28
\BOOKMARK [2][-]{subsection.6.1.4}{\376\377\000D\000r\000i\000v\000e\000r\000s\000\040\000d\000e\000\040\000m\000o\000t\000o\000r}{section.6.1}% 29
\BOOKMARK [2][-]{subsection.6.1.5}{\376\377\000I\000n\000t\000e\000r\000f\000a\000z\000\040\000c\000o\000n\000\040\000l\000a\000\040\000P\000C}{section.6.1}% 30
\BOOKMARK [2][-]{subsection.6.1.6}{\376\377\000B\000a\000t\000e\000r\000i\000a\000s}{section.6.1}% 31
\BOOKMARK [1][-]{section.6.2}{\376\377\000C\000h\000a\000s\000i\000s}{chapter.6}% 32
\BOOKMARK [2][-]{subsection.6.2.1}{\376\377\000A\000n\000\341\000l\000i\000s\000i\000s\000\040\000d\000e\000\040\000I\000m\000p\000l\000e\000m\000e\000n\000t\000a\000c\000i\000\363\000n}{section.6.2}% 33
\BOOKMARK [3][-]{section*.11}{\376\377\000E\000j\000e\000s}{subsection.6.2.1}% 34
\BOOKMARK [3][-]{section*.13}{\376\377\000L\000a\000r\000g\000u\000e\000r\000o\000s\000\040\000d\000e\000l\000\040\000c\000h\000a\000s\000i\000s}{subsection.6.2.1}% 35
\BOOKMARK [3][-]{section*.15}{\376\377\000P\000i\000s\000o\000s}{subsection.6.2.1}% 36
\BOOKMARK [3][-]{section*.17}{\376\377\000C\000o\000r\000a\000z\000a\000\040\000s\000u\000p\000e\000r\000i\000o\000r}{subsection.6.2.1}% 37
\BOOKMARK [3][-]{section*.19}{\376\377\000T\000o\000r\000r\000e\000t\000a}{subsection.6.2.1}% 38
\BOOKMARK [3][-]{section*.21}{\376\377\000E\000n\000s\000a\000m\000b\000l\000a\000j\000e\000\040\000c\000o\000m\000p\000l\000e\000t\000o}{subsection.6.2.1}% 39
\BOOKMARK [2][-]{subsection.6.2.2}{\376\377\000C\000o\000n\000c\000l\000u\000s\000i\000o\000n\000e\000s\000\040\000d\000e\000l\000\040\000A\000n\000\341\000l\000i\000s\000i\000s\000\040\000d\000e\000\040\000I\000m\000p\000l\000e\000m\000e\000n\000t\000a\000c\000i\000\363\000n}{section.6.2}% 40
\BOOKMARK [1][-]{section.6.3}{\376\377\000S\000o\000f\000t\000w\000a\000r\000e}{chapter.6}% 41
\BOOKMARK [2][-]{subsection.6.3.1}{\376\377\000M\000\341\000q\000u\000i\000n\000a\000\040\000d\000e\000\040\000E\000s\000t\000a\000d\000o\000s\000\040\000F\000i\000n\000i\000t\000o\000s}{section.6.3}% 42
\BOOKMARK [3][-]{section*.23}{\376\377\000E\000s\000t\000a\000d\000o\000s\000\040\000P\000r\000i\000n\000c\000i\000p\000a\000l\000e\000s}{subsection.6.3.1}% 43
\BOOKMARK [2][-]{subsection.6.3.2}{\376\377\000A\000n\000\341\000l\000i\000s\000i\000s\000\040\000d\000e\000\040\000I\000m\000p\000l\000e\000m\000e\000n\000t\000a\000c\000i\000\363\000n}{section.6.3}% 44
\BOOKMARK [3][-]{section*.26}{\376\377\000C\000o\000n\000t\000r\000o\000l\000\040\000C\000e\000n\000t\000r\000a\000l\000\040\000y\000\040\000C\000o\000o\000r\000d\000i\000n\000a\000c\000i\000\363\000n\000\040\000d\000e\000\040\000M\000\363\000d\000u\000l\000o\000s}{subsection.6.3.2}% 45
\BOOKMARK [3][-]{section*.27}{\376\377\000S\000e\000g\000u\000i\000m\000i\000e\000n\000t\000o\000\040\000d\000e\000\040\000O\000b\000j\000e\000t\000i\000v\000o\000s\000\040\000y\000\040\000C\000o\000n\000t\000r\000o\000l\000\040\000d\000e\000\040\000T\000o\000r\000r\000e\000t\000a}{subsection.6.3.2}% 46
\BOOKMARK [3][-]{section*.28}{\376\377\000N\000a\000v\000e\000g\000a\000c\000i\000\363\000n\000\040\000A\000u\000t\000\363\000n\000o\000m\000a\000\040\000y\000\040\000P\000l\000a\000n\000i\000f\000i\000c\000a\000c\000i\000\363\000n\000\040\000d\000e\000\040\000R\000u\000t\000a\000s}{subsection.6.3.2}% 47
\BOOKMARK [3][-]{section*.29}{\376\377\000C\000o\000m\000u\000n\000i\000c\000a\000c\000i\000\363\000n\000\040\000y\000\040\000M\000e\000n\000s\000a\000j\000e\000r\000\355\000a\000\040\000e\000n\000t\000r\000e\000\040\000M\000\363\000d\000u\000l\000o\000s}{subsection.6.3.2}% 48
\BOOKMARK [3][-]{section*.30}{\376\377\000C\000o\000n\000f\000i\000g\000u\000r\000a\000c\000i\000\363\000n\000\040\000y\000\040\000M\000o\000d\000u\000l\000a\000r\000i\000d\000a\000d\000\040\000d\000e\000l\000\040\000S\000i\000s\000t\000e\000m\000a}{subsection.6.3.2}% 49
\BOOKMARK [2][-]{subsection.6.3.3}{\376\377\000C\000o\000n\000c\000l\000u\000s\000i\000o\000n\000e\000s\000\040\000d\000e\000l\000\040\000A\000n\000\341\000l\000i\000s\000i\000s\000\040\000d\000e\000\040\000I\000m\000p\000l\000e\000m\000e\000n\000t\000a\000c\000i\000\363\000n}{section.6.3}% 50
\BOOKMARK [1][-]{section.6.4}{\376\377\000I\000n\000t\000e\000r\000f\000a\000z\000\040\000y\000\040\000c\000o\000n\000t\000r\000o\000l\000\040\000d\000e\000\040\000m\000o\000t\000o\000r\000e\000s}{chapter.6}% 51
\BOOKMARK [2][-]{subsection.6.4.1}{\376\377\000A\000n\000\341\000l\000i\000s\000i\000s\000\040\000d\000e\000\040\000I\000m\000p\000l\000e\000m\000e\000n\000t\000a\000c\000i\000\363\000n}{section.6.4}% 52
\BOOKMARK [3][-]{section*.31}{\376\377\000C\000o\000m\000u\000n\000i\000c\000a\000c\000i\000o\000n}{subsection.6.4.1}% 53
\BOOKMARK [3][-]{section*.34}{\376\377\000D\000r\000i\000v\000e\000r\000s}{subsection.6.4.1}% 54
\BOOKMARK [3][-]{section*.35}{\376\377\000D\000r\000i\000v\000e\000r\000s\000\040\000p\000a\000r\000a\000\040\000m\000o\000t\000o\000r\000\040\000d\000e\000\040\000t\000r\000a\000c\000c\000i\000\363\000n}{subsection.6.4.1}% 55
\BOOKMARK [3][-]{section*.36}{\376\377\000D\000r\000i\000v\000e\000r\000\040\000m\000o\000t\000o\000r\000\040\000t\000o\000r\000r\000e\000t\000a}{subsection.6.4.1}% 56
\BOOKMARK [2][-]{subsection.6.4.2}{\376\377\000C\000o\000n\000c\000l\000u\000s\000i\000o\000n\000e\000s\000\040\000d\000e\000l\000\040\000A\000n\000\341\000l\000i\000s\000i\000s\000\040\000d\000e\000\040\000I\000m\000p\000l\000e\000m\000e\000n\000t\000a\000c\000i\000\363\000n}{section.6.4}% 57
\BOOKMARK [0][-]{chapter.7}{\376\377\000S\000i\000m\000u\000l\000a\000d\000o\000r}{}% 58
\BOOKMARK [1][-]{section.7.1}{\376\377\000E\000n\000t\000o\000r\000n\000o\000\040\000d\000e\000\040\000S\000i\000m\000u\000l\000a\000c\000i\000\363\000n}{chapter.7}% 59
\BOOKMARK [0][-]{chapter.8}{\376\377\000P\000r\000u\000e\000b\000a\000s\000\040\000y\000\040\000r\000e\000s\000u\000l\000t\000a\000d\000o\000s}{}% 60
\BOOKMARK [1][-]{section.8.1}{\376\377\000R\000e\000s\000u\000l\000t\000a\000d\000o\000s\000\040\000S\000i\000m\000u\000l\000a\000c\000i\000\363\000n}{chapter.8}% 61
\BOOKMARK [0][-]{chapter.9}{\376\377\000C\000o\000n\000c\000l\000u\000s\000i\000o\000n\000e\000s}{}% 62
\BOOKMARK [1][-]{section.9.1}{\376\377\000C\000o\000n\000c\000l\000u\000s\000i\000o\000n\000e\000s\000\040\000g\000e\000n\000e\000r\000a\000l\000e\000s\000\040}{chapter.9}% 63
\BOOKMARK [1][-]{section.9.2}{\376\377\000P\000r\000\363\000x\000i\000m\000o\000s\000\040\000P\000a\000s\000o\000s}{chapter.9}% 64
\BOOKMARK [0][-]{appendix.Alph1}{\376\377\000A\000n\000e\000x\000o\000\040\000A\000:\000\040\000F\000u\000e\000n\000t\000e\000s\000\040\000d\000e\000l\000\040\000a\000n\000\341\000l\000i\000s\000i\000s\000\040\000d\000e\000\040\000m\000e\000r\000c\000a\000d\000o}{}% 65
